04/24/21 16:12:04: 链路连通
尝试
04/24/21 16:12:07: 链路连通
04/24/21 16:12:39: 发送数据
发送 8 位->
04/24/21 16:12:49: 发送数据
发送 34 位->
04/24/21 16:12:53: 发送数据
发送 34 位->
04/24/21 16:12:54: 发送数据
发送 34 位->
04/24/21 16:12:55: 发送数据
发送 34 位->
04/24/21 16:12:55: 发送数据
发送 34 位->
04/24/21 16:12:56: 发送数据
发送 34 位->
04/24/21 16:12:57: 发送数据
发送 34 位->
04/24/21 16:12:58: 发送数据
发送 34 位->
04/24/21 16:12:59: 发送数据
发送 34 位->
04/24/21 16:12:59: 发送数据
发送 34 位->
04/24/21 16:13:00: 发送数据
发送 34 位->
04/24/21 16:13:00: 发送数据
发送 34 位->
04/24/21 16:13:01: 发送数据
发送 34 位->
04/24/21 16:13:02: 发送数据
发送 34 位->
04/24/21 16:13:02: 发送数据
发送 34 位->
04/24/21 16:13:03: 发送数据
发送 34 位->
04/24/21 16:13:03: 发送数据
发送 34 位->
04/24/21 16:13:04: 发送数据
发送 34 位->
04/24/21 16:13:05: 发送数据
发送 34 位->
04/24/21 16:13:05: 发送数据
发送 34 位->
04/24/21 16:13:13: File Closed
